2022-三月-09 11:08:28.796 INFO  [main] c.e.s.SpringbootApplication - Starting SpringbootApplication using Java 1.8.0_261 on Liang with PID 17328 (C:\Users\Dell\IdeaProjects\springboot\target\classes started by Dell in C:\Users\Dell\IdeaProjects\springboot)
2022-三月-09 11:08:28.822 INFO  [main] c.e.s.SpringbootApplication - No active profile set, falling back to default profiles: default
2022-三月-09 11:08:32.500 INFO  [main] o.s.b.w.e.t.TomcatWebServer - Tomcat initialized with port(s): 8888 (http)
2022-三月-09 11:08:32.542 INFO  [main] o.a.c.c.StandardService - Starting service [Tomcat]
2022-三月-09 11:08:32.543 INFO  [main] o.a.c.c.StandardEngine - Starting Servlet engine: [Apache Tomcat/9.0.50]
2022-三月-09 11:08:32.826 INFO  [main] o.a.c.c.C.[.[.[/] - Initializing Spring embedded WebApplicationContext
2022-三月-09 11:08:32.827 INFO  [main] o.s.b.w.s.c.ServletWebServerApplicationContext - Root WebApplicationContext: initialization completed in 3769 ms
2022-三月-09 11:08:35.052 INFO  [main] o.s.b.a.w.s.WelcomePageHandlerMapping - Adding welcome page: class path resource [static/index.html]
2022-三月-09 11:08:35.502 INFO  [main] o.s.b.w.e.t.TomcatWebServer - Tomcat started on port(s): 8888 (http) with context path ''
2022-三月-09 11:08:35.549 INFO  [main] c.e.s.SpringbootApplication - Started SpringbootApplication in 8.269 seconds (JVM running for 10.437)
2022-三月-09 11:10:27.160 INFO  [http-nio-8888-exec-1] o.a.c.c.C.[.[.[/] - Initializing Spring DispatcherServlet 'dispatcherServlet'
2022-三月-09 11:10:27.161 INFO  [http-nio-8888-exec-1] o.s.w.s.DispatcherServlet - Initializing Servlet 'dispatcherServlet'
2022-三月-09 11:10:27.162 INFO  [http-nio-8888-exec-1] o.s.w.s.DispatcherServlet - Completed initialization in 1 ms
2022-三月-09 11:13:02.838 INFO  [main] c.e.s.SpringbootApplication - Starting SpringbootApplication using Java 1.8.0_261 on Liang with PID 14968 (C:\Users\Dell\IdeaProjects\springboot\target\classes started by Dell in C:\Users\Dell\IdeaProjects\springboot)
2022-三月-09 11:13:02.840 INFO  [main] c.e.s.SpringbootApplication - No active profile set, falling back to default profiles: default
2022-三月-09 11:13:04.463 INFO  [main] o.s.b.w.e.t.TomcatWebServer - Tomcat initialized with port(s): 8888 (http)
2022-三月-09 11:13:04.484 INFO  [main] o.a.c.c.StandardService - Starting service [Tomcat]
2022-三月-09 11:13:04.484 INFO  [main] o.a.c.c.StandardEngine - Starting Servlet engine: [Apache Tomcat/9.0.50]
2022-三月-09 11:13:04.748 INFO  [main] o.a.c.c.C.[.[.[/] - Initializing Spring embedded WebApplicationContext
2022-三月-09 11:13:04.748 INFO  [main] o.s.b.w.s.c.ServletWebServerApplicationContext - Root WebApplicationContext: initialization completed in 1821 ms
2022-三月-09 11:13:05.888 INFO  [main] o.s.b.a.w.s.WelcomePageHandlerMapping - Adding welcome page: class path resource [static/index.html]
2022-三月-09 11:13:06.157 INFO  [main] o.s.b.w.e.t.TomcatWebServer - Tomcat started on port(s): 8888 (http) with context path ''
2022-三月-09 11:13:06.191 INFO  [main] c.e.s.SpringbootApplication - Started SpringbootApplication in 4.097 seconds (JVM running for 6.11)
2022-三月-09 11:13:07.205 INFO  [http-nio-8888-exec-1] o.a.c.c.C.[.[.[/] - Initializing Spring DispatcherServlet 'dispatcherServlet'
2022-三月-09 11:13:07.206 INFO  [http-nio-8888-exec-1] o.s.w.s.DispatcherServlet - Initializing Servlet 'dispatcherServlet'
2022-三月-09 11:13:07.208 INFO  [http-nio-8888-exec-1] o.s.w.s.DispatcherServlet - Completed initialization in 2 ms
2022-三月-09 11:43:23.486 INFO  [main] c.e.s.SpringbootApplication - Starting SpringbootApplication using Java 1.8.0_261 on Liang with PID 17492 (C:\Users\Dell\IdeaProjects\springboot\target\classes started by Dell in C:\Users\Dell\IdeaProjects\springboot)
2022-三月-09 11:43:23.488 INFO  [main] c.e.s.SpringbootApplication - No active profile set, falling back to default profiles: default
2022-三月-09 11:43:24.848 INFO  [main] o.s.b.w.e.t.TomcatWebServer - Tomcat initialized with port(s): 8888 (http)
2022-三月-09 11:43:24.868 INFO  [main] o.a.c.c.StandardService - Starting service [Tomcat]
2022-三月-09 11:43:24.869 INFO  [main] o.a.c.c.StandardEngine - Starting Servlet engine: [Apache Tomcat/9.0.50]
2022-三月-09 11:43:25.156 INFO  [main] o.a.c.c.C.[.[.[/] - Initializing Spring embedded WebApplicationContext
2022-三月-09 11:43:25.157 INFO  [main] o.s.b.w.s.c.ServletWebServerApplicationContext - Root WebApplicationContext: initialization completed in 1592 ms
2022-三月-09 11:43:26.211 INFO  [main] o.s.b.a.w.s.WelcomePageHandlerMapping - Adding welcome page: class path resource [static/index.html]
2022-三月-09 11:43:26.457 INFO  [main] o.s.b.w.e.t.TomcatWebServer - Tomcat started on port(s): 8888 (http) with context path ''
2022-三月-09 11:43:26.485 INFO  [main] c.e.s.SpringbootApplication - Started SpringbootApplication in 3.766 seconds (JVM running for 5.676)
2022-三月-09 11:43:26.638 INFO  [http-nio-8888-exec-2] o.a.c.c.C.[.[.[/] - Initializing Spring DispatcherServlet 'dispatcherServlet'
2022-三月-09 11:43:26.638 INFO  [http-nio-8888-exec-2] o.s.w.s.DispatcherServlet - Initializing Servlet 'dispatcherServlet'
2022-三月-09 11:43:26.639 INFO  [http-nio-8888-exec-2] o.s.w.s.DispatcherServlet - Completed initialization in 1 ms
2022-三月-09 12:43:04.390 INFO  [main] c.e.s.SpringbootApplication - Starting SpringbootApplication using Java 1.8.0_261 on Liang with PID 16876 (C:\Users\Dell\IdeaProjects\springboot\target\classes started by Dell in C:\Users\Dell\IdeaProjects\springboot)
2022-三月-09 12:43:04.396 INFO  [main] c.e.s.SpringbootApplication - No active profile set, falling back to default profiles: default
2022-三月-09 12:43:07.102 INFO  [main] o.s.b.w.e.t.TomcatWebServer - Tomcat initialized with port(s): 8888 (http)
2022-三月-09 12:43:07.134 INFO  [main] o.a.c.c.StandardService - Starting service [Tomcat]
2022-三月-09 12:43:07.134 INFO  [main] o.a.c.c.StandardEngine - Starting Servlet engine: [Apache Tomcat/9.0.50]
2022-三月-09 12:43:07.436 INFO  [main] o.a.c.c.C.[.[.[/] - Initializing Spring embedded WebApplicationContext
2022-三月-09 12:43:07.437 INFO  [main] o.s.b.w.s.c.ServletWebServerApplicationContext - Root WebApplicationContext: initialization completed in 2920 ms
2022-三月-09 12:43:09.273 INFO  [main] o.s.b.a.w.s.WelcomePageHandlerMapping - Adding welcome page: class path resource [static/index.html]
2022-三月-09 12:43:09.669 INFO  [main] o.s.b.w.e.t.TomcatWebServer - Tomcat started on port(s): 8888 (http) with context path ''
2022-三月-09 12:43:09.696 INFO  [main] c.e.s.SpringbootApplication - Started SpringbootApplication in 6.821 seconds (JVM running for 9.389)
2022-三月-09 12:44:22.558 INFO  [http-nio-8888-exec-1] o.a.c.c.C.[.[.[/] - Initializing Spring DispatcherServlet 'dispatcherServlet'
2022-三月-09 12:44:22.559 INFO  [http-nio-8888-exec-1] o.s.w.s.DispatcherServlet - Initializing Servlet 'dispatcherServlet'
2022-三月-09 12:44:22.561 INFO  [http-nio-8888-exec-1] o.s.w.s.DispatcherServlet - Completed initialization in 2 ms
